[debug] [2025-06-07T05:56:44.399Z] ----------------------------------------------------------------------
[debug] [2025-06-07T05:56:44.402Z] Command:       C:\Program Files\nodejs\node.exe C:\Users\singa\AppData\Roaming\npm\node_modules\firebase-tools\lib\bin\firebase.js init
[debug] [2025-06-07T05:56:44.402Z] CLI Version:   14.6.0
[debug] [2025-06-07T05:56:44.402Z] Platform:      win32
[debug] [2025-06-07T05:56:44.402Z] Node Version:  v22.16.0
[debug] [2025-06-07T05:56:44.402Z] Time:          Sat Jun 07 2025 11:26:44 GMT+0530 (India Standard Time)
[debug] [2025-06-07T05:56:44.402Z] ----------------------------------------------------------------------
[debug] 
[debug] [2025-06-07T05:56:44.404Z] >>> [apiv2][query] GET https://firebase-public.firebaseio.com/cli.json [none]
[debug] [2025-06-07T05:56:44.439Z] > command requires scopes: ["email","openid","https://www.googleapis.com/auth/cloudplatformprojects.readonly","https://www.googleapis.com/auth/firebase","https://www.googleapis.com/auth/cloud-platform"]
[debug] [2025-06-07T05:56:44.439Z] > authorizing via signed-in user (singamanenithanuja8@gmail.com)
[info] 
     ######## #### ########  ######## ########     ###     ######  ########
     ##        ##  ##     ## ##       ##     ##  ##   ##  ##       ##
     ######    ##  ########  ######   ########  #########  ######  ######
     ##        ##  ##    ##  ##       ##     ## ##     ##       ## ##
     ##       #### ##     ## ######## ########  ##     ##  ######  ########

You're about to initialize a Firebase project in this directory:

  C:\Users\singa\chat-application

[debug] [2025-06-07T05:56:45.124Z] <<< [apiv2][status] GET https://firebase-public.firebaseio.com/cli.json 200
[debug] [2025-06-07T05:56:45.125Z] <<< [apiv2][body] GET https://firebase-public.firebaseio.com/cli.json {"cloudBuildErrorAfter":1594252800000,"cloudBuildWarnAfter":1590019200000,"defaultNode10After":1594252800000,"minVersion":"3.0.5","node8DeploysDisabledAfter":1613390400000,"node8RuntimeDisabledAfter":1615809600000,"node8WarnAfter":1600128000000}
